This file contains any messages produced by compilers while
running configure, to aid debugging if configure makes a mistake.

It was created by xlog configure 1.0, which was
generated by GNU Autoconf 2.68.  Invocation command line was

  $ ./configure 

## --------- ##
## Platform. ##
## --------- ##

hostname = server-tools
uname -m = x86_64
uname -r = 2.6.32-358.el6.x86_64
uname -s = Linux
uname -v = #1 SMP Tue Jan 29 11:47:41 EST 2013

/usr/bin/uname -p = unknown
/bin/uname -X     = unknown

/bin/arch              = x86_64
/usr/bin/arch -k       = unknown
/usr/convex/getsysinfo = unknown
/usr/bin/hostinfo      = unknown
/bin/machine           = unknown
/usr/bin/oslevel       = unknown
/bin/universe          = unknown

PATH: /usr/lib64/qt-3.3/bin
PATH: /usr/local/sbin
PATH: /usr/local/bin
PATH: /sbin
PATH: /bin
PATH: /usr/sbin
PATH: /usr/bin
PATH: /root/bin


## ----------- ##
## Core tests. ##
## ----------- ##

configure:2219: checking for a BSD-compatible install
configure:2287: result: /usr/bin/install -c
configure:2298: checking whether build environment is sane
configure:2348: result: yes
configure:2489: checking for a thread-safe mkdir -p
configure:2528: result: /bin/mkdir -p
configure:2541: checking for gawk
configure:2557: found /bin/gawk
configure:2568: result: gawk
configure:2579: checking whether make sets $(MAKE)
configure:2601: result: yes
configure:2735: checking for gcc
configure:2751: found /usr/bin/gcc
configure:2762: result: gcc
configure:2991: checking for C compiler version
configure:3000: gcc --version >&5
gcc (GCC) 4.4.7 20120313 (Red Hat 4.4.7-4)
Copyright (C) 2010 Free Software Foundation, Inc.
This is free software; see the source for copying conditions.  There is NO
warranty; not even for MERCHANTABILITY or FITNESS FOR A PARTICULAR PURPOSE.

configure:3011: $? = 0
configure:3000: gcc -v >&5
Using built-in specs.
Target: x86_64-redhat-linux
Configured with: ../configure --prefix=/usr --mandir=/usr/share/man --infodir=/usr/share/info --with-bugurl=http://bugzilla.redhat.com/bugzilla --enable-bootstrap --enable-shared --enable-threads=posix --enable-checking=release --with-system-zlib --enable-__cxa_atexit --disable-libunwind-exceptions --enable-gnu-unique-object --enable-languages=c,c++,objc,obj-c++,java,fortran,ada --enable-java-awt=gtk --disable-dssi --with-java-home=/usr/lib/jvm/java-1.5.0-gcj-1.5.0.0/jre --enable-libgcj-multifile --enable-java-maintainer-mode --with-ecj-jar=/usr/share/java/eclipse-ecj.jar --disable-libjava-multilib --with-ppl --with-cloog --with-tune=generic --with-arch_32=i686 --build=x86_64-redhat-linux
Thread model: posix
gcc version 4.4.7 20120313 (Red Hat 4.4.7-4) (GCC) 
configure:3011: $? = 0
configure:3000: gcc -V >&5
gcc: '-V' option must have argument
configure:3011: $? = 1
configure:3000: gcc -qversion >&5
gcc: unrecognized option '-qversion'
gcc: no input files
configure:3011: $? = 1
configure:3031: checking whether the C compiler works
configure:3053: gcc    conftest.c  >&5
configure:3057: $? = 0
configure:3105: result: yes
configure:3108: checking for C compiler default output file name
configure:3110: result: a.out
configure:3116: checking for suffix of executables
configure:3123: gcc -o conftest    conftest.c  >&5
configure:3127: $? = 0
configure:3149: result: 
configure:3171: checking whether we are cross compiling
configure:3179: gcc -o conftest    conftest.c  >&5
configure:3183: $? = 0
configure:3190: ./conftest
configure:3194: $? = 0
configure:3209: result: no
configure:3214: checking for suffix of object files
configure:3236: gcc -c   conftest.c >&5
configure:3240: $? = 0
configure:3261: result: o
configure:3265: checking whether we are using the GNU C compiler
configure:3284: gcc -c   conftest.c >&5
configure:3284: $? = 0
configure:3293: result: yes
configure:3302: checking whether gcc accepts -g
configure:3322: gcc -c -g  conftest.c >&5
configure:3322: $? = 0
configure:3363: result: yes
configure:3380: checking for gcc option to accept ISO C89
configure:3444: gcc  -c -g -O2  conftest.c >&5
configure:3444: $? = 0
configure:3457: result: none needed
configure:3488: checking for style of include used by make
configure:3516: result: GNU
configure:3541: checking dependency style of gcc
configure:3651: result: gcc3
configure:3667: checking whether make sets $(MAKE)
configure:3689: result: yes
configure:3708: checking how to run the C preprocessor
configure:3739: gcc -E  conftest.c
configure:3739: $? = 0
configure:3753: gcc -E  conftest.c
conftest.c:11:28: error: ac_nonexistent.h: No such file or directory
configure:3753: $? = 1
configure: failed program was:
| /* confdefs.h */
| #define PACKAGE_NAME "xlog"
| #define PACKAGE_TARNAME "xlog"
| #define PACKAGE_VERSION "1.0"
| #define PACKAGE_STRING "xlog 1.0"
| #define PACKAGE_BUGREPORT "qsf.zzia@foxmail.com"
| #define PACKAGE_URL ""
| #define PACKAGE "xlog"
| #define VERSION "1.0"
| /* end confdefs.h.  */
| #include <ac_nonexistent.h>
configure:3778: result: gcc -E
configure:3798: gcc -E  conftest.c
configure:3798: $? = 0
configure:3812: gcc -E  conftest.c
conftest.c:11:28: error: ac_nonexistent.h: No such file or directory
configure:3812: $? = 1
configure: failed program was:
| /* confdefs.h */
| #define PACKAGE_NAME "xlog"
| #define PACKAGE_TARNAME "xlog"
| #define PACKAGE_VERSION "1.0"
| #define PACKAGE_STRING "xlog 1.0"
| #define PACKAGE_BUGREPORT "qsf.zzia@foxmail.com"
| #define PACKAGE_URL ""
| #define PACKAGE "xlog"
| #define VERSION "1.0"
| /* end confdefs.h.  */
| #include <ac_nonexistent.h>
configure:3841: checking for grep that handles long lines and -e
configure:3899: result: /bin/grep
configure:3904: checking for egrep
configure:3966: result: /bin/grep -E
configure:3971: checking for ANSI C header files
configure:3991: gcc -c -g -O2  conftest.c >&5
configure:3991: $? = 0
configure:4064: gcc -o conftest -g -O2   conftest.c  >&5
configure:4064: $? = 0
configure:4064: ./conftest
configure:4064: $? = 0
configure:4075: result: yes
configure:4083: checking for sys/wait.h that is POSIX.1 compatible
configure:4109: gcc -c -g -O2  conftest.c >&5
configure:4109: $? = 0
configure:4116: result: yes
configure:4129: checking for sys/types.h
configure:4129: gcc -c -g -O2  conftest.c >&5
configure:4129: $? = 0
configure:4129: result: yes
configure:4129: checking for sys/stat.h
configure:4129: gcc -c -g -O2  conftest.c >&5
configure:4129: $? = 0
configure:4129: result: yes
configure:4129: checking for stdlib.h
configure:4129: gcc -c -g -O2  conftest.c >&5
configure:4129: $? = 0
configure:4129: result: yes
configure:4129: checking for string.h
configure:4129: gcc -c -g -O2  conftest.c >&5
configure:4129: $? = 0
configure:4129: result: yes
configure:4129: checking for memory.h
configure:4129: gcc -c -g -O2  conftest.c >&5
configure:4129: $? = 0
configure:4129: result: yes
configure:4129: checking for strings.h
configure:4129: gcc -c -g -O2  conftest.c >&5
configure:4129: $? = 0
configure:4129: result: yes
configure:4129: checking for inttypes.h
configure:4129: gcc -c -g -O2  conftest.c >&5
configure:4129: $? = 0
configure:4129: result: yes
configure:4129: checking for stdint.h
configure:4129: gcc -c -g -O2  conftest.c >&5
configure:4129: $? = 0
configure:4129: result: yes
configure:4129: checking for unistd.h
configure:4129: gcc -c -g -O2  conftest.c >&5
configure:4129: $? = 0
configure:4129: result: yes
configure:4144: checking fcntl.h usability
configure:4144: gcc -c -g -O2  conftest.c >&5
configure:4144: $? = 0
configure:4144: result: yes
configure:4144: checking fcntl.h presence
configure:4144: gcc -E  conftest.c
configure:4144: $? = 0
configure:4144: result: yes
configure:4144: checking for fcntl.h
configure:4144: result: yes
configure:4144: checking malloc.h usability
configure:4144: gcc -c -g -O2  conftest.c >&5
configure:4144: $? = 0
configure:4144: result: yes
configure:4144: checking malloc.h presence
configure:4144: gcc -E  conftest.c
configure:4144: $? = 0
configure:4144: result: yes
configure:4144: checking for malloc.h
configure:4144: result: yes
configure:4144: checking netinet/in.h usability
configure:4144: gcc -c -g -O2  conftest.c >&5
configure:4144: $? = 0
configure:4144: result: yes
configure:4144: checking netinet/in.h presence
configure:4144: gcc -E  conftest.c
configure:4144: $? = 0
configure:4144: result: yes
configure:4144: checking for netinet/in.h
configure:4144: result: yes
configure:4144: checking for stdlib.h
configure:4144: result: yes
configure:4144: checking for string.h
configure:4144: result: yes
configure:4144: checking sys/socket.h usability
configure:4144: gcc -c -g -O2  conftest.c >&5
configure:4144: $? = 0
configure:4144: result: yes
configure:4144: checking sys/socket.h presence
configure:4144: gcc -E  conftest.c
configure:4144: $? = 0
configure:4144: result: yes
configure:4144: checking for sys/socket.h
configure:4144: result: yes
configure:4144: checking syslog.h usability
configure:4144: gcc -c -g -O2  conftest.c >&5
configure:4144: $? = 0
configure:4144: result: yes
configure:4144: checking syslog.h presence
configure:4144: gcc -E  conftest.c
configure:4144: $? = 0
configure:4144: result: yes
configure:4144: checking for syslog.h
configure:4144: result: yes
configure:4144: checking for unistd.h
configure:4144: result: yes
configure:4156: checking for an ANSI C-conforming const
configure:4221: gcc -c -g -O2  conftest.c >&5
configure:4221: $? = 0
configure:4228: result: yes
configure:4236: checking for pid_t
configure:4236: gcc -c -g -O2  conftest.c >&5
configure:4236: $? = 0
configure:4236: gcc -c -g -O2  conftest.c >&5
conftest.c: In function 'main':
conftest.c:66: error: expected expression before ')' token
configure:4236: $? = 1
configure: failed program was:
| /* confdefs.h */
| #define PACKAGE_NAME "xlog"
| #define PACKAGE_TARNAME "xlog"
| #define PACKAGE_VERSION "1.0"
| #define PACKAGE_STRING "xlog 1.0"
| #define PACKAGE_BUGREPORT "qsf.zzia@foxmail.com"
| #define PACKAGE_URL ""
| #define PACKAGE "xlog"
| #define VERSION "1.0"
| #define STDC_HEADERS 1
| #define HAVE_SYS_WAIT_H 1
| #define HAVE_SYS_TYPES_H 1
| #define HAVE_SYS_STAT_H 1
| #define HAVE_STDLIB_H 1
| #define HAVE_STRING_H 1
| #define HAVE_MEMORY_H 1
| #define HAVE_STRINGS_H 1
| #define HAVE_INTTYPES_H 1
| #define HAVE_STDINT_H 1
| #define HAVE_UNISTD_H 1
| #define HAVE_FCNTL_H 1
| #define HAVE_MALLOC_H 1
| #define HAVE_NETINET_IN_H 1
| #define HAVE_STDLIB_H 1
| #define HAVE_STRING_H 1
| #define HAVE_SYS_SOCKET_H 1
| #define HAVE_SYSLOG_H 1
| #define HAVE_UNISTD_H 1
| /* end confdefs.h.  */
| #include <stdio.h>
| #ifdef HAVE_SYS_TYPES_H
| # include <sys/types.h>
| #endif
| #ifdef HAVE_SYS_STAT_H
| # include <sys/stat.h>
| #endif
| #ifdef STDC_HEADERS
| # include <stdlib.h>
| # include <stddef.h>
| #else
| # ifdef HAVE_STDLIB_H
| #  include <stdlib.h>
| # endif
| #endif
| #ifdef HAVE_STRING_H
| # if !defined STDC_HEADERS && defined HAVE_MEMORY_H
| #  include <memory.h>
| # endif
| # include <string.h>
| #endif
| #ifdef HAVE_STRINGS_H
| # include <strings.h>
| #endif
| #ifdef HAVE_INTTYPES_H
| # include <inttypes.h>
| #endif
| #ifdef HAVE_STDINT_H
| # include <stdint.h>
| #endif
| #ifdef HAVE_UNISTD_H
| # include <unistd.h>
| #endif
| int
| main ()
| {
| if (sizeof ((pid_t)))
| 	    return 0;
|   ;
|   return 0;
| }
configure:4236: result: yes
configure:4247: checking for size_t
configure:4247: gcc -c -g -O2  conftest.c >&5
configure:4247: $? = 0
configure:4247: gcc -c -g -O2  conftest.c >&5
conftest.c: In function 'main':
conftest.c:66: error: expected expression before ')' token
configure:4247: $? = 1
configure: failed program was:
| /* confdefs.h */
| #define PACKAGE_NAME "xlog"
| #define PACKAGE_TARNAME "xlog"
| #define PACKAGE_VERSION "1.0"
| #define PACKAGE_STRING "xlog 1.0"
| #define PACKAGE_BUGREPORT "qsf.zzia@foxmail.com"
| #define PACKAGE_URL ""
| #define PACKAGE "xlog"
| #define VERSION "1.0"
| #define STDC_HEADERS 1
| #define HAVE_SYS_WAIT_H 1
| #define HAVE_SYS_TYPES_H 1
| #define HAVE_SYS_STAT_H 1
| #define HAVE_STDLIB_H 1
| #define HAVE_STRING_H 1
| #define HAVE_MEMORY_H 1
| #define HAVE_STRINGS_H 1
| #define HAVE_INTTYPES_H 1
| #define HAVE_STDINT_H 1
| #define HAVE_UNISTD_H 1
| #define HAVE_FCNTL_H 1
| #define HAVE_MALLOC_H 1
| #define HAVE_NETINET_IN_H 1
| #define HAVE_STDLIB_H 1
| #define HAVE_STRING_H 1
| #define HAVE_SYS_SOCKET_H 1
| #define HAVE_SYSLOG_H 1
| #define HAVE_UNISTD_H 1
| /* end confdefs.h.  */
| #include <stdio.h>
| #ifdef HAVE_SYS_TYPES_H
| # include <sys/types.h>
| #endif
| #ifdef HAVE_SYS_STAT_H
| # include <sys/stat.h>
| #endif
| #ifdef STDC_HEADERS
| # include <stdlib.h>
| # include <stddef.h>
| #else
| # ifdef HAVE_STDLIB_H
| #  include <stdlib.h>
| # endif
| #endif
| #ifdef HAVE_STRING_H
| # if !defined STDC_HEADERS && defined HAVE_MEMORY_H
| #  include <memory.h>
| # endif
| # include <string.h>
| #endif
| #ifdef HAVE_STRINGS_H
| # include <strings.h>
| #endif
| #ifdef HAVE_INTTYPES_H
| # include <inttypes.h>
| #endif
| #ifdef HAVE_STDINT_H
| # include <stdint.h>
| #endif
| #ifdef HAVE_UNISTD_H
| # include <unistd.h>
| #endif
| int
| main ()
| {
| if (sizeof ((size_t)))
| 	    return 0;
|   ;
|   return 0;
| }
configure:4247: result: yes
configure:4258: checking whether time.h and sys/time.h may both be included
configure:4278: gcc -c -g -O2  conftest.c >&5
configure:4278: $? = 0
configure:4285: result: yes
configure:4293: checking whether struct tm is in sys/time.h or time.h
configure:4313: gcc -c -g -O2  conftest.c >&5
configure:4313: $? = 0
configure:4320: result: time.h
configure:4332: checking vfork.h usability
configure:4332: gcc -c -g -O2  conftest.c >&5
conftest.c:64:19: error: vfork.h: No such file or directory
configure:4332: $? = 1
configure: failed program was:
| /* confdefs.h */
| #define PACKAGE_NAME "xlog"
| #define PACKAGE_TARNAME "xlog"
| #define PACKAGE_VERSION "1.0"
| #define PACKAGE_STRING "xlog 1.0"
| #define PACKAGE_BUGREPORT "qsf.zzia@foxmail.com"
| #define PACKAGE_URL ""
| #define PACKAGE "xlog"
| #define VERSION "1.0"
| #define STDC_HEADERS 1
| #define HAVE_SYS_WAIT_H 1
| #define HAVE_SYS_TYPES_H 1
| #define HAVE_SYS_STAT_H 1
| #define HAVE_STDLIB_H 1
| #define HAVE_STRING_H 1
| #define HAVE_MEMORY_H 1
| #define HAVE_STRINGS_H 1
| #define HAVE_INTTYPES_H 1
| #define HAVE_STDINT_H 1
| #define HAVE_UNISTD_H 1
| #define HAVE_FCNTL_H 1
| #define HAVE_MALLOC_H 1
| #define HAVE_NETINET_IN_H 1
| #define HAVE_STDLIB_H 1
| #define HAVE_STRING_H 1
| #define HAVE_SYS_SOCKET_H 1
| #define HAVE_SYSLOG_H 1
| #define HAVE_UNISTD_H 1
| #define TIME_WITH_SYS_TIME 1
| /* end confdefs.h.  */
| #include <stdio.h>
| #ifdef HAVE_SYS_TYPES_H
| # include <sys/types.h>
| #endif
| #ifdef HAVE_SYS_STAT_H
| # include <sys/stat.h>
| #endif
| #ifdef STDC_HEADERS
| # include <stdlib.h>
| # include <stddef.h>
| #else
| # ifdef HAVE_STDLIB_H
| #  include <stdlib.h>
| # endif
| #endif
| #ifdef HAVE_STRING_H
| # if !defined STDC_HEADERS && defined HAVE_MEMORY_H
| #  include <memory.h>
| # endif
| # include <string.h>
| #endif
| #ifdef HAVE_STRINGS_H
| # include <strings.h>
| #endif
| #ifdef HAVE_INTTYPES_H
| # include <inttypes.h>
| #endif
| #ifdef HAVE_STDINT_H
| # include <stdint.h>
| #endif
| #ifdef HAVE_UNISTD_H
| # include <unistd.h>
| #endif
| #include <vfork.h>
configure:4332: result: no
configure:4332: checking vfork.h presence
configure:4332: gcc -E  conftest.c
conftest.c:31:19: error: vfork.h: No such file or directory
configure:4332: $? = 1
configure: failed program was:
| /* confdefs.h */
| #define PACKAGE_NAME "xlog"
| #define PACKAGE_TARNAME "xlog"
| #define PACKAGE_VERSION "1.0"
| #define PACKAGE_STRING "xlog 1.0"
| #define PACKAGE_BUGREPORT "qsf.zzia@foxmail.com"
| #define PACKAGE_URL ""
| #define PACKAGE "xlog"
| #define VERSION "1.0"
| #define STDC_HEADERS 1
| #define HAVE_SYS_WAIT_H 1
| #define HAVE_SYS_TYPES_H 1
| #define HAVE_SYS_STAT_H 1
| #define HAVE_STDLIB_H 1
| #define HAVE_STRING_H 1
| #define HAVE_MEMORY_H 1
| #define HAVE_STRINGS_H 1
| #define HAVE_INTTYPES_H 1
| #define HAVE_STDINT_H 1
| #define HAVE_UNISTD_H 1
| #define HAVE_FCNTL_H 1
| #define HAVE_MALLOC_H 1
| #define HAVE_NETINET_IN_H 1
| #define HAVE_STDLIB_H 1
| #define HAVE_STRING_H 1
| #define HAVE_SYS_SOCKET_H 1
| #define HAVE_SYSLOG_H 1
| #define HAVE_UNISTD_H 1
| #define TIME_WITH_SYS_TIME 1
| /* end confdefs.h.  */
| #include <vfork.h>
configure:4332: result: no
configure:4332: checking for vfork.h
configure:4332: result: no
configure:4345: checking for fork
configure:4345: gcc -o conftest -g -O2   conftest.c  >&5
conftest.c:54: warning: conflicting types for built-in function 'fork'
configure:4345: $? = 0
configure:4345: result: yes
configure:4345: checking for vfork
configure:4345: gcc -o conftest -g -O2   conftest.c  >&5
configure:4345: $? = 0
configure:4345: result: yes
configure:4355: checking for working fork
configure:4377: gcc -o conftest -g -O2   conftest.c  >&5
configure:4377: $? = 0
configure:4377: ./conftest
configure:4377: $? = 0
configure:4387: result: yes
configure:4408: checking for working vfork
configure:4518: result: yes
configure:4545: checking for stdlib.h
configure:4545: result: yes
configure:4555: checking for GNU libc compatible malloc
configure:4579: gcc -o conftest -g -O2   conftest.c  >&5
configure:4579: $? = 0
configure:4579: ./conftest
configure:4579: $? = 0
configure:4589: result: yes
configure:4616: checking for sys/time.h
configure:4616: gcc -c -g -O2  conftest.c >&5
configure:4616: $? = 0
configure:4616: result: yes
configure:4616: checking for unistd.h
configure:4616: result: yes
configure:4637: checking for alarm
configure:4637: gcc -o conftest -g -O2   conftest.c  >&5
configure:4637: $? = 0
configure:4637: result: yes
configure:4650: checking for working mktime
configure:4852: gcc -o conftest -g -O2   conftest.c  >&5
configure:4852: $? = 0
configure:4852: ./conftest
configure:4852: $? = 0
configure:4862: result: yes
configure:4880: checking return type of signal handlers
configure:4898: gcc -c -g -O2  conftest.c >&5
conftest.c: In function 'main':
conftest.c:46: error: void value not ignored as it ought to be
configure:4898: $? = 1
configure: failed program was:
| /* confdefs.h */
| #define PACKAGE_NAME "xlog"
| #define PACKAGE_TARNAME "xlog"
| #define PACKAGE_VERSION "1.0"
| #define PACKAGE_STRING "xlog 1.0"
| #define PACKAGE_BUGREPORT "qsf.zzia@foxmail.com"
| #define PACKAGE_URL ""
| #define PACKAGE "xlog"
| #define VERSION "1.0"
| #define STDC_HEADERS 1
| #define HAVE_SYS_WAIT_H 1
| #define HAVE_SYS_TYPES_H 1
| #define HAVE_SYS_STAT_H 1
| #define HAVE_STDLIB_H 1
| #define HAVE_STRING_H 1
| #define HAVE_MEMORY_H 1
| #define HAVE_STRINGS_H 1
| #define HAVE_INTTYPES_H 1
| #define HAVE_STDINT_H 1
| #define HAVE_UNISTD_H 1
| #define HAVE_FCNTL_H 1
| #define HAVE_MALLOC_H 1
| #define HAVE_NETINET_IN_H 1
| #define HAVE_STDLIB_H 1
| #define HAVE_STRING_H 1
| #define HAVE_SYS_SOCKET_H 1
| #define HAVE_SYSLOG_H 1
| #define HAVE_UNISTD_H 1
| #define TIME_WITH_SYS_TIME 1
| #define HAVE_FORK 1
| #define HAVE_VFORK 1
| #define HAVE_WORKING_VFORK 1
| #define HAVE_WORKING_FORK 1
| #define HAVE_STDLIB_H 1
| #define HAVE_MALLOC 1
| #define HAVE_SYS_TIME_H 1
| #define HAVE_UNISTD_H 1
| #define HAVE_ALARM 1
| /* end confdefs.h.  */
| #include <sys/types.h>
| #include <signal.h>
| 
| int
| main ()
| {
| return *(signal (0, 0)) (0) == 1;
|   ;
|   return 0;
| }
configure:4905: result: void
configure:4913: checking whether lstat correctly handles trailing slash
configure:4939: gcc -o conftest -g -O2   conftest.c  >&5
configure:4939: $? = 0
configure:4939: ./conftest
configure:4939: $? = 0
configure:4956: result: yes
configure:4975: checking whether stat accepts an empty string
configure:4995: gcc -o conftest -g -O2   conftest.c  >&5
configure:4995: $? = 0
configure:4995: ./conftest
configure:4995: $? = 0
configure:5005: result: no
configure:5024: checking for bzero
configure:5024: gcc -o conftest -g -O2   conftest.c  >&5
conftest.c:65: warning: conflicting types for built-in function 'bzero'
configure:5024: $? = 0
configure:5024: result: yes
configure:5024: checking for memset
configure:5024: gcc -o conftest -g -O2   conftest.c  >&5
conftest.c:66: warning: conflicting types for built-in function 'memset'
configure:5024: $? = 0
configure:5024: result: yes
configure:5024: checking for socket
configure:5024: gcc -o conftest -g -O2   conftest.c  >&5
configure:5024: $? = 0
configure:5024: result: yes
configure:5024: checking for strchr
configure:5024: gcc -o conftest -g -O2   conftest.c  >&5
conftest.c:68: warning: conflicting types for built-in function 'strchr'
configure:5024: $? = 0
configure:5024: result: yes
configure:5024: checking for strdup
configure:5024: gcc -o conftest -g -O2   conftest.c  >&5
conftest.c:69: warning: conflicting types for built-in function 'strdup'
configure:5024: $? = 0
configure:5024: result: yes
configure:5024: checking for strerror
configure:5024: gcc -o conftest -g -O2   conftest.c  >&5
configure:5024: $? = 0
configure:5024: result: yes
configure:5024: checking for strstr
configure:5024: gcc -o conftest -g -O2   conftest.c  >&5
conftest.c:71: warning: conflicting types for built-in function 'strstr'
configure:5024: $? = 0
configure:5024: result: yes
configure:5165: creating ./config.status

## ---------------------- ##
## Running config.status. ##
## ---------------------- ##

This file was extended by xlog config.status 1.0, which was
generated by GNU Autoconf 2.68.  Invocation command line was

  CONFIG_FILES    = 
  CONFIG_HEADERS  = 
  CONFIG_LINKS    = 
  CONFIG_COMMANDS = 
  $ ./config.status 

on server-tools

config.status:887: creating Makefile
config.status:887: creating config.h
config.status:1068: config.h is unchanged
config.status:1116: executing depfiles commands

## ---------------- ##
## Cache variables. ##
## ---------------- ##

ac_cv_c_compiler_gnu=yes
ac_cv_c_const=yes
ac_cv_env_CC_set=
ac_cv_env_CC_value=
ac_cv_env_CFLAGS_set=
ac_cv_env_CFLAGS_value=
ac_cv_env_CPPFLAGS_set=
ac_cv_env_CPPFLAGS_value=
ac_cv_env_CPP_set=
ac_cv_env_CPP_value=
ac_cv_env_LDFLAGS_set=
ac_cv_env_LDFLAGS_value=
ac_cv_env_LIBS_set=
ac_cv_env_LIBS_value=
ac_cv_env_build_alias_set=
ac_cv_env_build_alias_value=
ac_cv_env_host_alias_set=
ac_cv_env_host_alias_value=
ac_cv_env_target_alias_set=
ac_cv_env_target_alias_value=
ac_cv_func_alarm=yes
ac_cv_func_bzero=yes
ac_cv_func_fork=yes
ac_cv_func_fork_works=yes
ac_cv_func_lstat_dereferences_slashed_symlink=yes
ac_cv_func_malloc_0_nonnull=yes
ac_cv_func_memset=yes
ac_cv_func_setvbuf_reversed=no
ac_cv_func_socket=yes
ac_cv_func_stat_empty_string_bug=no
ac_cv_func_strchr=yes
ac_cv_func_strdup=yes
ac_cv_func_strerror=yes
ac_cv_func_strstr=yes
ac_cv_func_vfork=yes
ac_cv_func_vfork_works=yes
ac_cv_func_working_mktime=yes
ac_cv_header_fcntl_h=yes
ac_cv_header_inttypes_h=yes
ac_cv_header_malloc_h=yes
ac_cv_header_memory_h=yes
ac_cv_header_netinet_in_h=yes
ac_cv_header_stdc=yes
ac_cv_header_stdint_h=yes
ac_cv_header_stdlib_h=yes
ac_cv_header_string_h=yes
ac_cv_header_strings_h=yes
ac_cv_header_sys_socket_h=yes
ac_cv_header_sys_stat_h=yes
ac_cv_header_sys_time_h=yes
ac_cv_header_sys_types_h=yes
ac_cv_header_sys_wait_h=yes
ac_cv_header_syslog_h=yes
ac_cv_header_time=yes
ac_cv_header_unistd_h=yes
ac_cv_header_vfork_h=no
ac_cv_objext=o
ac_cv_path_EGREP='/bin/grep -E'
ac_cv_path_GREP=/bin/grep
ac_cv_path_install='/usr/bin/install -c'
ac_cv_path_mkdir=/bin/mkdir
ac_cv_prog_AWK=gawk
ac_cv_prog_CPP='gcc -E'
ac_cv_prog_ac_ct_CC=gcc
ac_cv_prog_cc_c89=
ac_cv_prog_cc_g=yes
ac_cv_prog_make_make_set=yes
ac_cv_struct_tm=time.h
ac_cv_type_pid_t=yes
ac_cv_type_signal=void
ac_cv_type_size_t=yes
am_cv_CC_dependencies_compiler_type=gcc3

## ----------------- ##
## Output variables. ##
## ----------------- ##

ACLOCAL='${SHELL} /data0/software/qsf/xlog/missing --run aclocal-1.11'
AMDEPBACKSLASH='\'
AMDEP_FALSE='#'
AMDEP_TRUE=''
AMTAR='${SHELL} /data0/software/qsf/xlog/missing --run tar'
AUTOCONF='${SHELL} /data0/software/qsf/xlog/missing --run autoconf'
AUTOHEADER='${SHELL} /data0/software/qsf/xlog/missing --run autoheader'
AUTOMAKE='${SHELL} /data0/software/qsf/xlog/missing --run automake-1.11'
AWK='gawk'
CC='gcc'
CCDEPMODE='depmode=gcc3'
CFLAGS='-g -O2'
CPP='gcc -E'
CPPFLAGS=''
CYGPATH_W='echo'
DEFS='-DHAVE_CONFIG_H'
DEPDIR='.deps'
ECHO_C=''
ECHO_N='-n'
ECHO_T=''
EGREP='/bin/grep -E'
EXEEXT=''
GREP='/bin/grep'
INSTALL_DATA='${INSTALL} -m 644'
INSTALL_PROGRAM='${INSTALL}'
INSTALL_SCRIPT='${INSTALL}'
INSTALL_STRIP_PROGRAM='$(install_sh) -c -s'
LDFLAGS=''
LIBOBJS=''
LIBS=''
LTLIBOBJS=''
MAKEINFO='${SHELL} /data0/software/qsf/xlog/missing --run makeinfo'
MKDIR_P='/bin/mkdir -p'
OBJEXT='o'
PACKAGE='xlog'
PACKAGE_BUGREPORT='qsf.zzia@foxmail.com'
PACKAGE_NAME='xlog'
PACKAGE_STRING='xlog 1.0'
PACKAGE_TARNAME='xlog'
PACKAGE_URL=''
PACKAGE_VERSION='1.0'
PATH_SEPARATOR=':'
SET_MAKE=''
SHELL='/bin/sh'
STRIP=''
VERSION='1.0'
ac_ct_CC='gcc'
am__EXEEXT_FALSE=''
am__EXEEXT_TRUE='#'
am__fastdepCC_FALSE='#'
am__fastdepCC_TRUE=''
am__include='include'
am__isrc=''
am__leading_dot='.'
am__quote=''
am__tar='${AMTAR} chof - "$$tardir"'
am__untar='${AMTAR} xf -'
bindir='${exec_prefix}/bin'
build_alias=''
datadir='${datarootdir}'
datarootdir='${prefix}/share'
docdir='${datarootdir}/doc/${PACKAGE_TARNAME}'
dvidir='${docdir}'
exec_prefix='${prefix}'
host_alias=''
htmldir='${docdir}'
includedir='${prefix}/include'
infodir='${datarootdir}/info'
install_sh='${SHELL} /data0/software/qsf/xlog/install-sh'
libdir='${exec_prefix}/lib'
libexecdir='${exec_prefix}/libexec'
localedir='${datarootdir}/locale'
localstatedir='${prefix}/var'
mandir='${datarootdir}/man'
mkdir_p='/bin/mkdir -p'
oldincludedir='/usr/include'
pdfdir='${docdir}'
prefix='/usr/local'
program_transform_name='s,x,x,'
psdir='${docdir}'
sbindir='${exec_prefix}/sbin'
sharedstatedir='${prefix}/com'
sysconfdir='${prefix}/etc'
target_alias=''

## ----------- ##
## confdefs.h. ##
## ----------- ##

/* confdefs.h */
#define PACKAGE_NAME "xlog"
#define PACKAGE_TARNAME "xlog"
#define PACKAGE_VERSION "1.0"
#define PACKAGE_STRING "xlog 1.0"
#define PACKAGE_BUGREPORT "qsf.zzia@foxmail.com"
#define PACKAGE_URL ""
#define PACKAGE "xlog"
#define VERSION "1.0"
#define STDC_HEADERS 1
#define HAVE_SYS_WAIT_H 1
#define HAVE_SYS_TYPES_H 1
#define HAVE_SYS_STAT_H 1
#define HAVE_STDLIB_H 1
#define HAVE_STRING_H 1
#define HAVE_MEMORY_H 1
#define HAVE_STRINGS_H 1
#define HAVE_INTTYPES_H 1
#define HAVE_STDINT_H 1
#define HAVE_UNISTD_H 1
#define HAVE_FCNTL_H 1
#define HAVE_MALLOC_H 1
#define HAVE_NETINET_IN_H 1
#define HAVE_STDLIB_H 1
#define HAVE_STRING_H 1
#define HAVE_SYS_SOCKET_H 1
#define HAVE_SYSLOG_H 1
#define HAVE_UNISTD_H 1
#define TIME_WITH_SYS_TIME 1
#define HAVE_FORK 1
#define HAVE_VFORK 1
#define HAVE_WORKING_VFORK 1
#define HAVE_WORKING_FORK 1
#define HAVE_STDLIB_H 1
#define HAVE_MALLOC 1
#define HAVE_SYS_TIME_H 1
#define HAVE_UNISTD_H 1
#define HAVE_ALARM 1
#define RETSIGTYPE void
#define LSTAT_FOLLOWS_SLASHED_SYMLINK 1
#define HAVE_BZERO 1
#define HAVE_MEMSET 1
#define HAVE_SOCKET 1
#define HAVE_STRCHR 1
#define HAVE_STRDUP 1
#define HAVE_STRERROR 1
#define HAVE_STRSTR 1

configure: exit 0
